<?xml version="1.0" encoding="UTF-8"?>
<!-- Generated by org.testng.reporters.JUnitReportReporter -->
<testsuite hostname="DESKTOP-LBLE21F" failures="0" tests="1" name="SeleniumTasks.Task3_DynamicLoad_Run" time="47.551" errors="0" timestamp="2020-05-27T22:30:52 EET" skipped="0">
  <testcase classname="SeleniumTasks.Task3_DynamicLoad_Run" name="Task3_run" time="47.551"/>
  <system-out/>
</testsuite> <!-- SeleniumTasks.Task3_DynamicLoad_Run -->
