<?xml version="1.0" encoding="UTF-8"?>
<!-- Generated by org.testng.reporters.JUnitReportReporter -->
<testsuite hostname="DESKTOP-LBLE21F" failures="0" tests="1" name="SeleniumTasks.Task1_Run" time="29.070" errors="0" timestamp="2020-05-27T22:30:52 EET" skipped="0">
  <testcase classname="SeleniumTasks.Task1_Run" name="Task1_1Run" time="29.070"/>
  <system-out/>
</testsuite> <!-- SeleniumTasks.Task1_Run -->
