<?xml version="1.0" encoding="UTF-8"?>
<!-- Generated by org.testng.reporters.JUnitReportReporter -->
<testsuite hostname="DESKTOP-LBLE21F" failures="0" tests="1" name="SeleniumTasks.Task1_ValidateText_TC_Run" time="9.962" errors="0" timestamp="2020-05-28T02:19:34 EET" skipped="0">
  <testcase classname="SeleniumTasks.Task1_ValidateText_TC_Run" name="Task1_1Run" time="9.962"/>
  <system-out>
<br><img src='C:\Users\Ahmed Atia\eclipse-workspace\Terkwaz_Tasks\TestResources\ScreenShots\Selenium Webdriver - Google Search_Task1.png' height='600' width =600' /> <br>  </system-out>
</testsuite> <!-- SeleniumTasks.Task1_ValidateText_TC_Run -->
