<?xml version="1.0" encoding="UTF-8"?>
<!-- Generated by org.testng.reporters.JUnitReportReporter -->
<testsuite hostname="DESKTOP-LBLE21F" failures="0" tests="1" name="SeleniumTasks.Task2_UploadFile_TC_Run" time="15.196" errors="0" timestamp="2020-05-28T03:53:40 EET" skipped="0">
  <testcase classname="SeleniumTasks.Task2_UploadFile_TC_Run" name="Run_Test_Case" time="15.196"/>
  <system-out>
<br><img src='C:\Users\Ahmed Atia\eclipse-workspace\Terkwaz_Tasks\TestResources\ScreenShots\The Internet_Task2.png' height='600' width =600' /> <br>  </system-out>
</testsuite> <!-- SeleniumTasks.Task2_UploadFile_TC_Run -->
