<?xml version="1.0" encoding="UTF-8"?>
<!-- Generated by org.testng.reporters.JUnitReportReporter -->
<testsuite hostname="DESKTOP-LBLE21F" failures="0" tests="1" name="SeleniumTasks.Task3_DynamicLoad_TC_Run" time="54.684" errors="0" timestamp="2020-05-28T03:53:40 EET" skipped="0">
  <testcase classname="SeleniumTasks.Task3_DynamicLoad_TC_Run" name="Task3_run" time="54.684"/>
  <system-out>
<br><img src='C:\Users\Ahmed Atia\eclipse-workspace\Terkwaz_Tasks\TestResources\ScreenShots\The Internet_Task3.png' height='600' width =600' /> <br>  </system-out>
</testsuite> <!-- SeleniumTasks.Task3_DynamicLoad_TC_Run -->
