<?xml version="1.0" encoding="UTF-8"?>
<!-- Generated by org.testng.reporters.JUnitReportReporter -->
<testsuite hostname="DESKTOP-LBLE21F" failures="0" tests="1" name="SeleniumTasks.Task3_1_DynamicLoad_Run" time="9.437" errors="0" timestamp="2020-05-27T19:27:23 EET" skipped="0">
  <testcase classname="SeleniumTasks.Task3_1_DynamicLoad_Run" name="Task3_run" time="9.437"/>
  <system-out/>
</testsuite> <!-- SeleniumTasks.Task3_1_DynamicLoad_Run -->
