<?xml version="1.0" encoding="UTF-8"?>
<!-- Generated by org.testng.reporters.JUnitReportReporter -->
<testsuite hostname="DESKTOP-LBLE21F" failures="0" tests="1" name="SeleniumTasks.Task2_Upload_File_Run" time="63.092" errors="0" timestamp="2020-05-27T22:32:52 EET" skipped="0">
  <testcase classname="SeleniumTasks.Task2_Upload_File_Run" name="Run_Test_Case" time="63.092"/>
  <system-out/>
</testsuite> <!-- SeleniumTasks.Task2_Upload_File_Run -->
