<?xml version="1.0" encoding="UTF-8"?>
<!-- Generated by org.testng.reporters.JUnitReportReporter -->
<testsuite hostname="DESKTOP-LBLE21F" failures="0" tests="1" name="RestAssuredTask.API_Test_Automation" time="4.407" errors="0" timestamp="2020-05-28T03:53:40 EET" skipped="0">
  <testcase classname="RestAssuredTask.API_Test_Automation" name="Automate_API" time="4.407"/>
  <system-out/>
</testsuite> <!-- RestAssuredTask.API_Test_Automation -->
