<?xml version="1.0" encoding="UTF-8"?>
<!-- Generated by org.testng.reporters.JUnitReportReporter -->
<testsuite hostname="DESKTOP-LBLE21F" failures="0" tests="1" name="RestAssuredTask.API_Test_Automation" time="3.771" errors="0" timestamp="2020-05-28T02:49:05 EET" skipped="0">
  <testcase classname="RestAssuredTask.API_Test_Automation" name="Automate_API" time="3.771"/>
  <system-out/>
</testsuite> <!-- RestAssuredTask.API_Test_Automation -->
